  Entity.cpp
  EntityManager.cpp
  Game.cpp
C:\Users\yonat\source\repos\Circle Shooter\Game.cpp(257,70): warning C4244: 'argument': conversion from 'int' to 'float', possible loss of data
C:\Users\yonat\source\repos\Circle Shooter\Game.cpp(257,49): warning C4244: 'argument': conversion from 'int' to 'float', possible loss of data
C:\Users\yonat\source\repos\Circle Shooter\Game.cpp(272,68): warning C4244: 'argument': conversion from 'int' to 'float', possible loss of data
C:\Users\yonat\source\repos\Circle Shooter\Game.cpp(272,47): warning C4244: 'argument': conversion from 'int' to 'float', possible loss of data
C:\Users\yonat\source\repos\Circle Shooter\Game.cpp(386,22): warning C4244: 'initializing': conversion from 'double' to 'float', possible loss of data
C:\Users\yonat\source\repos\Circle Shooter\Game.cpp(409,22): warning C4244: 'initializing': conversion from 'double' to 'float', possible loss of data
C:\Users\yonat\source\repos\Circle Shooter\Game.cpp(431,22): warning C4244: 'initializing': conversion from 'double' to 'float', possible loss of data
C:\Users\yonat\source\repos\Circle Shooter\Game.cpp(483,16): warning C4244: 'initializing': conversion from 'T' to 'float', possible loss of data
C:\Users\yonat\source\repos\Circle Shooter\Game.cpp(483,16): warning C4244:         with
C:\Users\yonat\source\repos\Circle Shooter\Game.cpp(483,16): warning C4244:         [
C:\Users\yonat\source\repos\Circle Shooter\Game.cpp(483,16): warning C4244:             T=unsigned int
C:\Users\yonat\source\repos\Circle Shooter\Game.cpp(483,16): warning C4244:         ]
C:\Users\yonat\source\repos\Circle Shooter\Game.cpp(484,16): warning C4244: 'initializing': conversion from 'T' to 'float', possible loss of data
C:\Users\yonat\source\repos\Circle Shooter\Game.cpp(484,16): warning C4244:         with
C:\Users\yonat\source\repos\Circle Shooter\Game.cpp(484,16): warning C4244:         [
C:\Users\yonat\source\repos\Circle Shooter\Game.cpp(484,16): warning C4244:             T=unsigned int
C:\Users\yonat\source\repos\Circle Shooter\Game.cpp(484,16): warning C4244:         ]
C:\Users\yonat\source\repos\Circle Shooter\Game.cpp(485,17): warning C4244: 'initializing': conversion from 'int' to 'float', possible loss of data
C:\Users\yonat\source\repos\Circle Shooter\Game.cpp(486,15): warning C4244: 'initializing': conversion from 'int' to 'float', possible loss of data
C:\Users\yonat\source\repos\Circle Shooter\Game.cpp(487,15): warning C4244: 'initializing': conversion from 'int' to 'float', possible loss of data
C:\Users\yonat\source\repos\Circle Shooter\Game.cpp(488,15): warning C4244: 'initializing': conversion from 'int' to 'float', possible loss of data
C:\Users\yonat\source\repos\Circle Shooter\Game.cpp(489,14): warning C4244: 'initializing': conversion from 'int' to 'float', possible loss of data
C:\Users\yonat\source\repos\Circle Shooter\Game.cpp(491,19): warning C4244: 'initializing': conversion from 'int' to 'float', possible loss of data
C:\Users\yonat\source\repos\Circle Shooter\Game.cpp(493,32): warning C4244: 'argument': conversion from 'float' to 'const int', possible loss of data
C:\Users\yonat\source\repos\Circle Shooter\Game.cpp(498,29): warning C4244: 'argument': conversion from 'float' to 'sf::Uint8', possible loss of data
C:\Users\yonat\source\repos\Circle Shooter\Game.cpp(498,21): warning C4244: 'argument': conversion from 'float' to 'sf::Uint8', possible loss of data
C:\Users\yonat\source\repos\Circle Shooter\Game.cpp(498,13): warning C4244: 'argument': conversion from 'float' to 'sf::Uint8', possible loss of data
C:\Users\yonat\source\repos\Circle Shooter\Game.cpp(521,22): warning C4267: 'initializing': conversion from 'size_t' to 'int', possible loss of data
C:\Users\yonat\source\repos\Circle Shooter\Game.cpp(528,18): warning C4244: 'initializing': conversion from 'double' to 'float', possible loss of data
C:\Users\yonat\source\repos\Circle Shooter\Game.cpp(538,15): warning C4244: 'initializing': conversion from 'double' to 'float', possible loss of data
C:\Program Files\Microsoft Visual Studio\2022\Community\VC\Tools\MSVC\14.38.33130\include\xutility(255,82): warning C4244: 'argument': conversion from 'int' to 'float', possible loss of data
  (compiling source file 'Game.cpp')
  C:\Program Files\Microsoft Visual Studio\2022\Community\VC\Tools\MSVC\14.38.33130\include\xutility(255,82):
  the template instantiation context (the oldest one first) is
  	C:\Users\yonat\source\repos\Circle Shooter\Game.cpp(464,24):
  	see reference to function template instantiation 'std::shared_ptr<CShape> std::make_shared<CShape,int&,int&,sf::Color,sf::Color,int&>(int &,int &,sf::Color &&,sf::Color &&,int &)' being compiled
  	C:\Program Files\Microsoft Visual Studio\2022\Community\VC\Tools\MSVC\14.38.33130\include\memory(2769,46):
  	see reference to function template instantiation 'std::_Ref_count_obj2<CShape>::_Ref_count_obj2<int&,int&,_Ty,_Ty,int&>(int &,int &,_Ty &&,_Ty &&,int &)' being compiled
          with
          [
              _Ty=sf::Color
          ]
  	C:\Program Files\Microsoft Visual Studio\2022\Community\VC\Tools\MSVC\14.38.33130\include\memory(2094,18):
  	see reference to function template instantiation 'void std::_Construct_in_place<_Ty,int&,int&,sf::Color,sf::Color,int&>(_Ty &,int &,int &,sf::Color &&,sf::Color &&,int &) noexcept(false)' being compiled
          with
          [
              _Ty=CShape
          ]
  
C:\Program Files\Microsoft Visual Studio\2022\Community\VC\Tools\MSVC\14.38.33130\include\xutility(255,82): warning C4244: 'argument': conversion from 'float' to 'int', possible loss of data
  (compiling source file 'Game.cpp')
  
C:\Program Files\Microsoft Visual Studio\2022\Community\VC\Tools\MSVC\14.38.33130\include\xutility(255,82): warning C4267: 'argument': conversion from 'size_t' to 'int', possible loss of data
  (compiling source file 'Game.cpp')
  C:\Program Files\Microsoft Visual Studio\2022\Community\VC\Tools\MSVC\14.38.33130\include\xutility(255,82):
  the template instantiation context (the oldest one first) is
  	C:\Users\yonat\source\repos\Circle Shooter\Game.cpp(507,24):
  	see reference to function template instantiation 'std::shared_ptr<CScore> std::make_shared<CScore,size_t>(size_t &&)' being compiled
  	C:\Program Files\Microsoft Visual Studio\2022\Community\VC\Tools\MSVC\14.38.33130\include\memory(2769,46):
  	see reference to function template instantiation 'std::_Ref_count_obj2<CScore>::_Ref_count_obj2<_Ty>(_Ty &&)' being compiled
          with
          [
              _Ty=size_t
          ]
  	C:\Program Files\Microsoft Visual Studio\2022\Community\VC\Tools\MSVC\14.38.33130\include\memory(2094,18):
  	see reference to function template instantiation 'void std::_Construct_in_place<_Ty,unsigned __int64>(_Ty &,unsigned __int64 &&) noexcept(false)' being compiled
          with
          [
              _Ty=CScore
          ]
  
C:\Program Files\Microsoft Visual Studio\2022\Community\VC\Tools\MSVC\14.38.33130\include\xutility(255,82): warning C4244: 'argument': conversion from '_Ty' to 'float', possible loss of data
C:\Program Files\Microsoft Visual Studio\2022\Community\VC\Tools\MSVC\14.38.33130\include\xutility(255,82): warning C4244:         with
C:\Program Files\Microsoft Visual Studio\2022\Community\VC\Tools\MSVC\14.38.33130\include\xutility(255,82): warning C4244:         [
C:\Program Files\Microsoft Visual Studio\2022\Community\VC\Tools\MSVC\14.38.33130\include\xutility(255,82): warning C4244:             _Ty=int
C:\Program Files\Microsoft Visual Studio\2022\Community\VC\Tools\MSVC\14.38.33130\include\xutility(255,82): warning C4244:         ]
  (compiling source file 'Game.cpp')
  C:\Program Files\Microsoft Visual Studio\2022\Community\VC\Tools\MSVC\14.38.33130\include\xutility(255,82):
  the template instantiation context (the oldest one first) is
  	C:\Users\yonat\source\repos\Circle Shooter\Game.cpp(575,28):
  	see reference to function template instantiation 'std::shared_ptr<CTransform> std::make_shared<CTransform,Vec2&,Vec2,int>(Vec2 &,Vec2 &&,int &&)' being compiled
  	C:\Program Files\Microsoft Visual Studio\2022\Community\VC\Tools\MSVC\14.38.33130\include\memory(2769,46):
  	see reference to function template instantiation 'std::_Ref_count_obj2<CTransform>::_Ref_count_obj2<Vec2&,_Ty,int>(Vec2 &,_Ty &&,int &&)' being compiled
          with
          [
              _Ty=Vec2
          ]
  	C:\Program Files\Microsoft Visual Studio\2022\Community\VC\Tools\MSVC\14.38.33130\include\memory(2094,18):
  	see reference to function template instantiation 'void std::_Construct_in_place<_Ty,Vec2&,Vec2,int>(_Ty &,Vec2 &,Vec2 &&,int &&) noexcept(false)' being compiled
          with
          [
              _Ty=CTransform
          ]
  
  Vec2.cpp
C:\Users\yonat\source\repos\Circle Shooter\Vec2.cpp(103,23): warning C4244: 'initializing': conversion from 'double' to 'float', possible loss of data
C:\Users\yonat\source\repos\Circle Shooter\Vec2.cpp(105,49): warning C4244: 'argument': conversion from 'double' to 'float', possible loss of data
C:\Users\yonat\source\repos\Circle Shooter\Vec2.cpp(105,20): warning C4244: 'argument': conversion from 'double' to 'float', possible loss of data
  main.cpp
  Generating code
  11 of 665 functions ( 1.7%) were compiled, the rest were copied from previous compilation.
    0 functions were new in current compilation
    29 functions had inline decision re-evaluated but remain unchanged
  Finished generating code
  Circle Shooter.vcxproj -> C:\Users\yonat\source\repos\Circle Shooter\x64\Release\Circle Shooter.exe
